<?xml version="1.0" encoding="UTF-8"?>
<testng-results skipped="0" failed="0" ignored="0" total="1" passed="1">
  <reporter-output>
  </reporter-output>
  <suite name="Default suite" duration-ms="21571" started-at="2020-05-15T13:48:55 IST" finished-at="2020-05-15T13:49:17 IST">
    <groups>
    </groups>
    <test name="Default test" duration-ms="21571" started-at="2020-05-15T13:48:55 IST" finished-at="2020-05-15T13:49:17 IST">
      <class name="Pkg1.GoogleSearchPage">
        <test-method status="PASS" signature="test1()[pri:0, instance:Pkg1.GoogleSearchPage@48a242ce]" name="test1" duration-ms="21356" started-at="2020-05-15T13:48:56 IST" finished-at="2020-05-15T13:49:17 IST">
          <reporter-output>
          </reporter-output>
        </test-method> <!-- test1 -->
      </class> <!-- Pkg1.GoogleSearchPage -->
    </test> <!-- Default test -->
  </suite> <!-- Default suite -->
</testng-results>
